<?xml version="1.0" encoding="UTF-8"?>
<!-- Generated by org.testng.reporters.JUnitReportReporter -->
<testsuite hostname="LAPTOP-L2V0IT8U" failures="0" tests="2" name="TestNG_Program.TestNG_1st" time="0.003" errors="0" timestamp="2022-12-22T11:37:01 IST" skipped="0">
  <testcase classname="TestNG_Program.TestNG_1st" name="f" time="0.001"/>
  <system-out/>
  <testcase classname="TestNG_Program.TestNG_1st" name="M2" time="0.002"/>
  <system-out/>
</testsuite> <!-- TestNG_Program.TestNG_1st -->
