<?xml version="1.0" encoding="UTF-8"?>
<!-- Generated by org.testng.reporters.JUnitReportReporter -->
<testsuite hostname="LAPTOP-L2V0IT8U" failures="0" tests="1" name="pratice_purpose.TestNGCC1" time="0.008" errors="0" timestamp="2022-12-22T14:25:04 IST" skipped="0">
  <testcase classname="pratice_purpose.TestNGCC1" name="M1" time="0.008"/>
  <system-out/>
</testsuite> <!-- pratice_purpose.TestNGCC1 -->
