<?xml version="1.0" encoding="UTF-8"?>
<!-- Generated by org.testng.reporters.JUnitReportReporter -->
<testsuite hostname="LAPTOP-L2V0IT8U" failures="0" tests="1" name="testNG.TestClass4" time="0.008" errors="0" timestamp="2022-12-22T11:39:02 IST" skipped="0">
  <testcase classname="testNG.TestClass4" name="M4" time="0.008"/>
  <system-out/>
</testsuite> <!-- testNG.TestClass4 -->
