<?xml version="1.0" encoding="UTF-8"?>
<!-- Generated by org.testng.reporters.JUnitReportReporter -->
<testsuite hostname="LAPTOP-L2V0IT8U" failures="0" tests="1" name="testNG.TestClass5" time="0.000" errors="0" timestamp="2022-12-22T11:37:01 IST" skipped="0">
  <testcase classname="testNG.TestClass5" name="M5" time="0.000"/>
  <system-out/>
</testsuite> <!-- testNG.TestClass5 -->
