<?xml version="1.0" encoding="UTF-8"?>
<!-- Generated by org.testng.reporters.JUnitReportReporter -->
<testsuite hostname="LAPTOP-L2V0IT8U" failures="0" tests="1" name="Topics_Wise.CROSS_BROWSER_TESTING" time="2.098" errors="0" timestamp="2023-01-03T17:57:26 IST" skipped="0">
  <testcase classname="Topics_Wise.CROSS_BROWSER_TESTING" name="username" time="2.098"/>
  <system-out/>
</testsuite> <!-- Topics_Wise.CROSS_BROWSER_TESTING -->
