<?xml version="1.0" encoding="UTF-8"?>
<!-- Generated by org.testng.reporters.JUnitReportReporter -->
<testsuite hostname="LAPTOP-L2V0IT8U" failures="0" tests="2" name="groups_TestNG.PClass1" time="0.008" errors="0" timestamp="2022-12-26T14:26:59 IST" skipped="0">
  <testcase classname="groups_TestNG.PClass1" name="CheckBoxClick" time="0.007"/>
  <system-out/>
  <testcase classname="groups_TestNG.PClass1" name="login" time="0.001"/>
  <system-out/>
</testsuite> <!-- groups_TestNG.PClass1 -->
