<?xml version="1.0" encoding="UTF-8"?>
<!-- Generated by org.testng.reporters.JUnitReportReporter -->
<testsuite hostname="LAPTOP-L2V0IT8U" failures="0" tests="1" name="TestNG_Program.Param1" time="0.069" errors="0" timestamp="2022-12-29T11:57:34 IST" skipped="0">
  <testcase classname="TestNG_Program.Param1" name="userName" time="0.069"/>
  <system-out/>
</testsuite> <!-- TestNG_Program.Param1 -->
