<?xml version="1.0" encoding="UTF-8"?>
<!-- Generated by org.testng.reporters.JUnitReportReporter -->
<testsuite hostname="LAPTOP-L2V0IT8U" failures="0" tests="5" name="groups.GrpClass1" time="0.014" errors="0" timestamp="2023-01-11T14:52:45 IST" skipped="0">
  <testcase classname="groups.GrpClass1" name="M5" time="0.002"/>
  <system-out/>
  <testcase classname="groups.GrpClass1" name="M3" time="0.001"/>
  <system-out/>
  <testcase classname="groups.GrpClass1" name="M2" time="0.001"/>
  <system-out/>
  <testcase classname="groups.GrpClass1" name="M1" time="0.008"/>
  <system-out/>
  <testcase classname="groups.GrpClass1" name="M4" time="0.002"/>
  <system-out/>
</testsuite> <!-- groups.GrpClass1 -->
