<?xml version="1.0" encoding="UTF-8"?>
<!-- Generated by org.testng.reporters.JUnitReportReporter -->
<testsuite hostname="LAPTOP-L2V0IT8U" failures="0" tests="1" name="testNG.TestClass3" time="0.002" errors="0" timestamp="2022-12-22T11:39:02 IST" skipped="0">
  <testcase classname="testNG.TestClass3" name="M3" time="0.002"/>
  <system-out/>
</testsuite> <!-- testNG.TestClass3 -->
