<?xml version="1.0" encoding="UTF-8"?>
<!-- Generated by org.testng.reporters.JUnitReportReporter -->
<testsuite hostname="LAPTOP-L2V0IT8U" failures="0" tests="2" name="pom.LoginTest1_PageFactory" time="8.475" errors="0" timestamp="2023-01-10T13:01:10 IST" skipped="0">
  <testcase classname="pom.LoginTest1_PageFactory" name="login" time="8.459"/>
  <system-out/>
  <testcase classname="pom.LoginTest1_PageFactory" name="VerifyTitle" time="0.016"/>
  <system-out/>
</testsuite> <!-- pom.LoginTest1_PageFactory -->
