<?xml version="1.0" encoding="UTF-8"?>
<!-- Generated by org.testng.reporters.JUnitReportReporter -->
<testsuite hostname="LAPTOP-L2V0IT8U" failures="0" tests="1" name="testNG.TestNGClass2" time="0.001" errors="0" timestamp="2022-12-22T11:37:01 IST" skipped="0">
  <testcase classname="testNG.TestNGClass2" name="M2" time="0.001"/>
  <system-out/>
</testsuite> <!-- testNG.TestNGClass2 -->
