<?xml version="1.0" encoding="UTF-8"?>
<!-- Generated by org.testng.reporters.JUnitReportReporter -->
<testsuite hostname="LAPTOP-L2V0IT8U" failures="0" tests="1" name="testNG.TestClass6" time="0.002" errors="0" timestamp="2022-12-22T11:37:01 IST" skipped="0">
  <testcase classname="testNG.TestClass6" name="M6" time="0.002"/>
  <system-out/>
</testsuite> <!-- testNG.TestClass6 -->
