<?xml version="1.0" encoding="UTF-8"?>
<!-- Generated by org.testng.reporters.JUnitReportReporter -->
<testsuite hostname="LAPTOP-L2V0IT8U" failures="0" tests="2" name="testpractice.Practice2" time="0.000" errors="0" timestamp="2023-01-09T15:11:15 IST" skipped="0">
  <testcase classname="testpractice.Practice2" name="A" time="0.000"/>
  <system-out/>
  <testcase classname="testpractice.Practice2" name="T" time="0.000"/>
  <system-out/>
</testsuite> <!-- testpractice.Practice2 -->
