<?xml version="1.0" encoding="UTF-8"?>
<!-- Generated by org.testng.reporters.JUnitReportReporter -->
<testsuite hostname="LAPTOP-L2V0IT8U" failures="0" tests="1" name="TestNG_Program.Param2" time="0.081" errors="0" timestamp="2022-12-29T12:18:24 IST" skipped="0">
  <testcase classname="TestNG_Program.Param2" name="userName" time="0.081"/>
  <system-out/>
</testsuite> <!-- TestNG_Program.Param2 -->
