<?xml version="1.0" encoding="UTF-8"?>
<!-- Generated by org.testng.reporters.JUnitReportReporter -->
<testsuite hostname="LAPTOP-L2V0IT8U" failures="0" tests="2" name="TestNG_Program.Param3" time="0.135" errors="0" timestamp="2023-01-03T18:18:00 IST" skipped="0">
  <testcase classname="TestNG_Program.Param3" name="userName" time="0.060"/>
  <system-out/>
  <testcase classname="TestNG_Program.Param3" name="userName" time="0.075"/>
  <system-out/>
</testsuite> <!-- TestNG_Program.Param3 -->
