<?xml version="1.0" encoding="UTF-8"?>
<!-- Generated by org.testng.reporters.JUnitReportReporter -->
<testsuite hostname="LAPTOP-L2V0IT8U" failures="0" tests="3" name="pratice_purpose.TestNGCC2" time="0.009" errors="0" timestamp="2022-12-22T15:06:30 IST" skipped="0">
  <testcase classname="pratice_purpose.TestNGCC2" name="Test2" time="0.001"/>
  <system-out/>
  <testcase classname="pratice_purpose.TestNGCC2" name="Test3" time="0.001"/>
  <system-out/>
  <testcase classname="pratice_purpose.TestNGCC2" name="Test" time="0.007"/>
  <system-out/>
</testsuite> <!-- pratice_purpose.TestNGCC2 -->
