<?xml version="1.0" encoding="UTF-8"?>
<!-- Generated by org.testng.reporters.JUnitReportReporter -->
<testsuite hostname="LAPTOP-L2V0IT8U" failures="0" tests="6" name="parallelTesting.Parallel_Testing_Class1" time="1.645" errors="0" timestamp="2023-01-13T15:02:14 IST" skipped="0">
  <testcase classname="parallelTesting.Parallel_Testing_Class1" name="enterUserName" time="0.122"/>
  <system-out/>
  <testcase classname="parallelTesting.Parallel_Testing_Class1" name="enterUserName" time="0.125"/>
  <system-out/>
  <testcase classname="parallelTesting.Parallel_Testing_Class1" name="enterPassword" time="0.685"/>
  <system-out/>
  <testcase classname="parallelTesting.Parallel_Testing_Class1" name="enterPassword" time="0.610"/>
  <system-out/>
  <testcase classname="parallelTesting.Parallel_Testing_Class1" name="loginButton" time="0.048"/>
  <system-out/>
  <testcase classname="parallelTesting.Parallel_Testing_Class1" name="loginButton" time="0.055"/>
  <system-out/>
</testsuite> <!-- parallelTesting.Parallel_Testing_Class1 -->
