<?xml version="1.0" encoding="UTF-8"?>
<!-- Generated by org.testng.reporters.JUnitReportReporter -->
<testsuite hostname="LAPTOP-L2V0IT8U" failures="0" tests="1" name="parametrization.Para1" time="0.071" errors="0" timestamp="2023-01-12T14:44:34 IST" skipped="0">
  <testcase classname="parametrization.Para1" name="usernameEnter" time="0.071"/>
  <system-out/>
</testsuite> <!-- parametrization.Para1 -->
